<?xml version="1.0" encoding="UTF-8"?>
<coverage generated="1642274924889" clover="3.2.0">
  <project timestamp="1642274924889" name="All files">
    <metrics statements="14" coveredstatements="12" conditionals="9" coveredconditionals="6" methods="5" coveredmethods="1" elements="28" coveredelements="19" complexity="0" loc="14" ncloc="14" packages="1" files="1" classes="1"/>
    <file name="index.cjs" path="/Users/ken-yo/git/poad/appstore-connect-jwt-generator-core/dist/index.cjs">
      <metrics statements="14" coveredstatements="12" conditionals="9" coveredconditionals="6" methods="5" coveredmethods="1"/>
      <line num="2" count="1" type="cond" truecount="3" falsecount="0"/>
      <line num="3" count="1" type="cond" truecount="3" falsecount="1"/>
      <line num="5" count="1" type="stmt"/>
      <line num="6" count="1" type="stmt"/>
      <line num="7" count="1" type="stmt"/>
      <line num="8" count="1" type="stmt"/>
      <line num="16" count="0" type="cond" truecount="0" falsecount="1"/>
      <line num="17" count="1" type="stmt"/>
      <line num="20" count="0" type="stmt"/>
      <line num="22" count="1" type="stmt"/>
      <line num="24" count="1" type="stmt"/>
      <line num="25" count="1" type="stmt"/>
      <line num="26" count="1" type="stmt"/>
      <line num="27" count="1" type="stmt"/>
    </file>
  </project>
</coverage>
