{"/Users/ken-yo/git/poad/appstore-connect-jwt-generator-core/dist/index.cjs": {"path":"/Users/ken-yo/git/poad/appstore-connect-jwt-generator-core/dist/index.cjs","statementMap":{"0":{"start":{"line":2,"column":22},"end":{"line":4,"column":1}},"1":{"start":{"line":3,"column":4},"end":{"line":3,"column":62}},"2":{"start":{"line":5,"column":0},"end":{"line":5,"column":62}},"3":{"start":{"line":6,"column":0},"end":{"line":6,"column":43}},"4":{"start":{"line":7,"column":23},"end":{"line":7,"column":63}},"5":{"start":{"line":8,"column":19},"end":{"line":14,"column":2}},"6":{"start":{"line":8,"column":58},"end":{"line":14,"column":1}},"7":{"start":{"line":16,"column":73},"end":{"line":16,"column":170}},"8":{"start":{"line":17,"column":0},"end":{"line":17,"column":30}},"9":{"start":{"line":20,"column":4},"end":{"line":20,"column":118}},"10":{"start":{"line":22,"column":0},"end":{"line":22,"column":22}},"11":{"start":{"line":24,"column":0},"end":{"line":24,"column":33}},"12":{"start":{"line":25,"column":0},"end":{"line":25,"column":25}},"13":{"start":{"line":26,"column":0},"end":{"line":26,"column":38}},"14":{"start":{"line":27,"column":0},"end":{"line":27,"column":29}}},"fnMap":{"0":{"name":"(anonymous_0)","decl":{"start":{"line":2,"column":56},"end":{"line":2,"column":57}},"loc":{"start":{"line":2,"column":71},"end":{"line":4,"column":1}},"line":2},"1":{"name":"(anonymous_1)","decl":{"start":{"line":8,"column":19},"end":{"line":8,"column":20}},"loc":{"start":{"line":8,"column":58},"end":{"line":14,"column":1}},"line":8},"2":{"name":"jwtGenCore","decl":{"start":{"line":15,"column":9},"end":{"line":15,"column":19}},"loc":{"start":{"line":15,"column":22},"end":{"line":15,"column":25}},"line":15},"3":{"name":"tokenSync","decl":{"start":{"line":16,"column":9},"end":{"line":16,"column":18}},"loc":{"start":{"line":16,"column":71},"end":{"line":16,"column":172}},"line":16},"4":{"name":"token","decl":{"start":{"line":19,"column":15},"end":{"line":19,"column":20}},"loc":{"start":{"line":19,"column":73},"end":{"line":21,"column":1}},"line":19}},"branchMap":{"0":{"loc":{"start":{"line":2,"column":22},"end":{"line":4,"column":1}},"type":"binary-expr","locations":[{"start":{"line":2,"column":23},"end":{"line":2,"column":27}},{"start":{"line":2,"column":31},"end":{"line":2,"column":51}},{"start":{"line":2,"column":56},"end":{"line":4,"column":1}}],"line":2},"1":{"loc":{"start":{"line":3,"column":11},"end":{"line":3,"column":61}},"type":"cond-expr","locations":[{"start":{"line":3,"column":37},"end":{"line":3,"column":40}},{"start":{"line":3,"column":43},"end":{"line":3,"column":61}}],"line":3},"2":{"loc":{"start":{"line":3,"column":12},"end":{"line":3,"column":33}},"type":"binary-expr","locations":[{"start":{"line":3,"column":12},"end":{"line":3,"column":15}},{"start":{"line":3,"column":19},"end":{"line":3,"column":33}}],"line":3},"3":{"loc":{"start":{"line":16,"column":55},"end":{"line":16,"column":69}},"type":"default-arg","locations":[{"start":{"line":16,"column":66},"end":{"line":16,"column":69}}],"line":16},"4":{"loc":{"start":{"line":19,"column":57},"end":{"line":19,"column":71}},"type":"default-arg","locations":[{"start":{"line":19,"column":68},"end":{"line":19,"column":71}}],"line":19}},"s":{"0":1,"1":1,"2":1,"3":1,"4":1,"5":1,"6":0,"7":0,"8":1,"9":0,"10":1,"11":1,"12":1,"13":1,"14":1},"f":{"0":1,"1":0,"2":0,"3":0,"4":0},"b":{"0":[1,1,1],"1":[0,1],"2":[1,1],"3":[0],"4":[0]},"inputSourceMap":null,"_coverageSchema":"1a1c01bbd47fc00a2c39e90264f33305004495a9","hash":"60a9884fcc6dd53144c072caaf5001e06749e1f9"}
}
